<?xml version="1.0" encoding="UTF-8"?>
<!-- Generated by org.testng.reporters.JUnitReportReporter -->
<testsuite hostname="DESKTOP-CSI6077" failures="0" tests="1" name="LearnAutomationTest.Sample" time="31.600" errors="0" timestamp="2023-04-03T09:43:34 GMT-07:00" skipped="0">
  <testcase classname="LearnAutomationTest.Sample" name="LaunchBrowser" time="31.600"/>
  <system-out/>
</testsuite> <!-- LearnAutomationTest.Sample -->
